2022-07-19 11:14:54.157  INFO 7772 --- [restartedMain] com.ezen.Chapter03Application            : Starting Chapter03Application using Java 11.0.11 on sungs with PID 7772 (D:\SpringBootWorkspace\Chapter03\target\classes started by sungs in D:\SpringBootWorkspace\Chapter03)
2022-07-19 11:14:54.162  INFO 7772 --- [restartedMain] com.ezen.Chapter03Application            : No active profile set, falling back to 1 default profile: "default"
2022-07-19 11:14:54.192  INFO 7772 --- [restartedMain] .e.DevToolsPropertyDefaultsPostProcessor : Devtools property defaults active! Set 'spring.devtools.add-properties' to 'false' to disable
2022-07-19 11:14:54.192  INFO 7772 --- [restartedMain] .e.DevToolsPropertyDefaultsPostProcessor : For additional web related logging consider setting the 'logging.level.web' property to 'DEBUG'
2022-07-19 11:14:54.898  INFO 7772 --- [restartedMain] o.s.b.w.embedded.tomcat.TomcatWebServer  : Tomcat initialized with port(s): 8080 (http)
2022-07-19 11:14:54.907  INFO 7772 --- [restartedMain] o.apache.catalina.core.StandardService   : Starting service [Tomcat]
2022-07-19 11:14:54.907  INFO 7772 --- [restartedMain] org.apache.catalina.core.StandardEngine  : Starting Servlet engine: [Apache Tomcat/9.0.64]
2022-07-19 11:14:54.964  INFO 7772 --- [restartedMain] o.a.c.c.C.[Tomcat].[localhost].[/]       : Initializing Spring embedded WebApplicationContext
2022-07-19 11:14:54.964  INFO 7772 --- [restartedMain] w.s.c.ServletWebServerApplicationContext : Root WebApplicationContext: initialization completed in 771 ms
2022-07-19 11:14:55.208  WARN 7772 --- [restartedMain] o.s.b.d.a.OptionalLiveReloadServer       : Unable to start LiveReload server
2022-07-19 11:14:55.224  WARN 7772 --- [restartedMain] ConfigServletWebServerApplicationContext : Exception encountered during context initialization - cancelling refresh attempt: org.springframework.context.ApplicationContextException: Failed to start bean 'webServerStartStop'; nested exception is org.springframework.boot.web.server.PortInUseException: Port 8080 is already in use
2022-07-19 11:14:55.228  INFO 7772 --- [restartedMain] o.apache.catalina.core.StandardService   : Stopping service [Tomcat]
2022-07-19 11:14:55.237  INFO 7772 --- [restartedMain] ConditionEvaluationReportLoggingListener : 

Error starting ApplicationContext. To display the conditions report re-run your application with 'debug' enabled.
2022-07-19 11:14:55.255 ERROR 7772 --- [restartedMain] o.s.b.d.LoggingFailureAnalysisReporter   : 

***************************
APPLICATION FAILED TO START
***************************

Description:

Web server failed to start. Port 8080 was already in use.

Action:

Identify and stop the process that's listening on port 8080 or configure this application to listen on another port.

2022-07-19 11:15:03.726  INFO 19108 --- [restartedMain] com.ezen.Chapter03Application            : Starting Chapter03Application using Java 11.0.11 on sungs with PID 19108 (D:\SpringBootWorkspace\Chapter03\target\classes started by sungs in D:\SpringBootWorkspace\Chapter03)
2022-07-19 11:15:03.728  INFO 19108 --- [restartedMain] com.ezen.Chapter03Application            : No active profile set, falling back to 1 default profile: "default"
2022-07-19 11:15:03.759  INFO 19108 --- [restartedMain] .e.DevToolsPropertyDefaultsPostProcessor : Devtools property defaults active! Set 'spring.devtools.add-properties' to 'false' to disable
2022-07-19 11:15:03.759  INFO 19108 --- [restartedMain] .e.DevToolsPropertyDefaultsPostProcessor : For additional web related logging consider setting the 'logging.level.web' property to 'DEBUG'
2022-07-19 11:15:04.439  INFO 19108 --- [restartedMain] o.s.b.w.embedded.tomcat.TomcatWebServer  : Tomcat initialized with port(s): 8080 (http)
2022-07-19 11:15:04.448  INFO 19108 --- [restartedMain] o.apache.catalina.core.StandardService   : Starting service [Tomcat]
2022-07-19 11:15:04.448  INFO 19108 --- [restartedMain] org.apache.catalina.core.StandardEngine  : Starting Servlet engine: [Apache Tomcat/9.0.64]
2022-07-19 11:15:04.506  INFO 19108 --- [restartedMain] o.a.c.c.C.[Tomcat].[localhost].[/]       : Initializing Spring embedded WebApplicationContext
2022-07-19 11:15:04.507  INFO 19108 --- [restartedMain] w.s.c.ServletWebServerApplicationContext : Root WebApplicationContext: initialization completed in 748 ms
2022-07-19 11:15:04.754  INFO 19108 --- [restartedMain] o.s.b.d.a.OptionalLiveReloadServer       : LiveReload server is running on port 35729
2022-07-19 11:15:04.779  INFO 19108 --- [restartedMain] o.s.b.w.embedded.tomcat.TomcatWebServer  : Tomcat started on port(s): 8080 (http) with context path ''
2022-07-19 11:15:04.789  INFO 19108 --- [restartedMain] com.ezen.Chapter03Application            : Started Chapter03Application in 1.329 seconds (JVM running for 1.974)
2022-07-19 11:15:04.790  INFO 19108 --- [restartedMain] com.ezen.LoggingRunner                   : INFO 로그 메세지
2022-07-19 11:15:04.790  WARN 19108 --- [restartedMain] com.ezen.LoggingRunner                   : WARN 로그 메세지
2022-07-19 11:15:04.790 ERROR 19108 --- [restartedMain] com.ezen.LoggingRunner                   : ERROR 로그 메세지
2022-07-19 11:15:19.575  INFO 19108 --- [http-nio-8080-exec-1] o.a.c.c.C.[Tomcat].[localhost].[/]       : Initializing Spring DispatcherServlet 'dispatcherServlet'
2022-07-19 11:15:19.576  INFO 19108 --- [http-nio-8080-exec-1] o.s.web.servlet.DispatcherServlet        : Initializing Servlet 'dispatcherServlet'
2022-07-19 11:15:19.577  INFO 19108 --- [http-nio-8080-exec-1] o.s.web.servlet.DispatcherServlet        : Completed initialization in 1 ms
2022-07-19 11:17:50.690  INFO 19108 --- [RMI TCP Connection(2)-127.0.0.1] inMXBeanRegistrar$SpringApplicationAdmin : Application shutdown requested.
